d:\burger\153\framework\client\default\x64\debug\vc143.pdb
d:\burger\153\framework\client\default\x64\debug\vc143.idb
d:\burger\153\framework\client\default\x64\debug\client.obj
d:\burger\153\framework\client\default\x64\debug\mainapp.obj
d:\burger\153\framework\client\default\x64\debug\client.res
d:\burger\153\framework\client\default\x64\debug\client.ilk
d:\burger\153\framework\client\default\x64\debug\client.tlog\cl.command.1.tlog
d:\burger\153\framework\client\default\x64\debug\client.tlog\cl.items.tlog
d:\burger\153\framework\client\default\x64\debug\client.tlog\cl.read.1.tlog
d:\burger\153\framework\client\default\x64\debug\client.tlog\cl.write.1.tlog
d:\burger\153\framework\client\default\x64\debug\client.tlog\link-cvtres.read.1.tlog
d:\burger\153\framework\client\default\x64\debug\client.tlog\link-cvtres.write.1.tlog
d:\burger\153\framework\client\default\x64\debug\client.tlog\link-rc.read.1.tlog
d:\burger\153\framework\client\default\x64\debug\client.tlog\link-rc.write.1.tlog
d:\burger\153\framework\client\default\x64\debug\client.tlog\link.2012-cvtres.read.1.tlog
d:\burger\153\framework\client\default\x64\debug\client.tlog\link.2012-cvtres.write.1.tlog
d:\burger\153\framework\client\default\x64\debug\client.tlog\link.2012-rc.read.1.tlog
d:\burger\153\framework\client\default\x64\debug\client.tlog\link.2012-rc.write.1.tlog
d:\burger\153\framework\client\default\x64\debug\client.tlog\link.2012.read.1.tlog
d:\burger\153\framework\client\default\x64\debug\client.tlog\link.2012.read.2.tlog
d:\burger\153\framework\client\default\x64\debug\client.tlog\link.2012.write.1.tlog
d:\burger\153\framework\client\default\x64\debug\client.tlog\link.command.1.tlog
d:\burger\153\framework\client\default\x64\debug\client.tlog\link.read.1.tlog
d:\burger\153\framework\client\default\x64\debug\client.tlog\link.read.2.tlog
d:\burger\153\framework\client\default\x64\debug\client.tlog\link.secondary.1.tlog
d:\burger\153\framework\client\default\x64\debug\client.tlog\link.write.1.tlog
d:\burger\153\framework\client\default\x64\debug\client.tlog\rc.command.1.tlog
d:\burger\153\framework\client\default\x64\debug\client.tlog\rc.read.1.tlog
d:\burger\153\framework\client\default\x64\debug\client.tlog\rc.write.1.tlog
